TeamCode/build/intermediates/manifest_merge_blame_file/debug/manifest-merger-blame-debug-report.txt
1<?xml version="1.0" encoding="utf-8"?>
2<!--
3 Note: the actual manifest file used in your APK merges this file with contributions
4     from the modules on which your app depends (such as FtcRobotController, etc).
5     So it won't ultimately be as empty as it might here appear to be :-)
6-->
7<!-- The package name here determines the package for your R class and your BuildConfig class -->
8<manifest xmlns:android="http://schemas.android.com/apk/res/android"
9    package="com.qualcomm.ftcrobotcontroller"
10    android:versionCode="49"
11    android:versionName="8.1.1" >
12
13    <uses-sdk
14        android:minSdkVersion="23"
14-->src/main/AndroidManifest.xml
15        android:targetSdkVersion="28" />
15-->src/main/AndroidManifest.xml
16
17    <uses-permission
17-->[org.firstinspires.ftc:Blocks:8.1.1] AndroidManifest.xml:11:5-13:35
18        android:name="android.permission.WRITE_EXTERNAL_STORAGE"
18-->[org.firstinspires.ftc:Blocks:8.1.1] AndroidManifest.xml:12:9-65
19        android:required="true" />
19-->[org.firstinspires.ftc:Blocks:8.1.1] AndroidManifest.xml:13:9-32
20    <uses-permission
20-->[org.firstinspires.ftc:Blocks:8.1.1] AndroidManifest.xml:14:5-16:35
21        android:name="android.permission.READ_EXTERNAL_STORAGE"
21-->[org.firstinspires.ftc:Blocks:8.1.1] AndroidManifest.xml:15:9-64
22        android:required="true" />
22-->[org.firstinspires.ftc:Blocks:8.1.1] AndroidManifest.xml:16:9-32
23    <uses-permission
23-->[org.firstinspires.ftc:FtcCommon:8.1.1] AndroidManifest.xml:12:5-76
24        android:name="android.permission.ACCESS_WIFI_STATE"
24-->[org.firstinspires.ftc:FtcCommon:8.1.1] AndroidManifest.xml:12:22-73
25        android:required="true" />
25-->[org.firstinspires.ftc:RobotCore:8.1.1] AndroidManifest.xml:13:9-32
26    <uses-permission
26-->[org.firstinspires.ftc:FtcCommon:8.1.1] AndroidManifest.xml:19:5-21:35
27        android:name="android.permission.WRITE_SETTINGS"
27-->[org.firstinspires.ftc:FtcCommon:8.1.1] AndroidManifest.xml:20:9-57
28        android:required="true" />
28-->[org.firstinspires.ftc:FtcCommon:8.1.1] AndroidManifest.xml:21:9-32
29    <uses-permission android:name="android.permission.BLUETOOTH_ADMIN" />
29-->[org.firstinspires.ftc:Inspection:8.1.1] AndroidManifest.xml:12:5-74
29-->[org.firstinspires.ftc:Inspection:8.1.1] AndroidManifest.xml:12:22-71
30    <uses-permission
30-->[org.firstinspires.ftc:Inspection:8.1.1] AndroidManifest.xml:13:5-76
31        android:name="android.permission.CHANGE_WIFI_STATE"
31-->[org.firstinspires.ftc:Inspection:8.1.1] AndroidManifest.xml:13:22-73
32        android:required="true" />
32-->[org.firstinspires.ftc:RobotCore:8.1.1] AndroidManifest.xml:16:9-32
33    <uses-permission
33-->[org.firstinspires.ftc:Inspection:8.1.1] AndroidManifest.xml:14:5-79
34        android:name="android.permission.CHANGE_NETWORK_STATE"
34-->[org.firstinspires.ftc:Inspection:8.1.1] AndroidManifest.xml:14:22-76
35        android:required="true" />
35-->[org.firstinspires.ftc:RobotCore:8.1.1] AndroidManifest.xml:22:9-32
36    <uses-permission
36-->[org.firstinspires.ftc:Inspection:8.1.1] AndroidManifest.xml:15:5-67
37        android:name="android.permission.INTERNET"
37-->[org.firstinspires.ftc:Inspection:8.1.1] AndroidManifest.xml:15:22-64
38        android:required="true" />
38-->[org.firstinspires.ftc:RobotCore:8.1.1] AndroidManifest.xml:25:9-32
39    <uses-permission
39-->[org.firstinspires.ftc:Inspection:8.1.1] AndroidManifest.xml:16:5-79
40        android:name="android.permission.ACCESS_NETWORK_STATE"
40-->[org.firstinspires.ftc:Inspection:8.1.1] AndroidManifest.xml:16:22-76
41        android:required="true" />
41-->[org.firstinspires.ftc:RobotCore:8.1.1] AndroidManifest.xml:19:9-32
42    <uses-permission android:name="android.permission.BLUETOOTH" /> <!-- see AppUtil.setTimeZone() -->
42-->[org.firstinspires.ftc:Inspection:8.1.1] AndroidManifest.xml:17:5-68
42-->[org.firstinspires.ftc:Inspection:8.1.1] AndroidManifest.xml:17:22-65
43    <uses-permission
43-->[org.firstinspires.ftc:RobotCore:8.1.1] AndroidManifest.xml:42:5-44:35
44        android:name="android.permission.SET_TIME_ZONE"
44-->[org.firstinspires.ftc:RobotCore:8.1.1] AndroidManifest.xml:43:9-56
45        android:required="true" />
45-->[org.firstinspires.ftc:RobotCore:8.1.1] AndroidManifest.xml:44:9-32
46    <!--
47  Note: we suspect that this (android.permission.WAKE_LOCK) is no
48  longer needed, but haven't yet found the time necessary to verify
49  that assertion before removing it
50    -->
51    <uses-permission
51-->[org.firstinspires.ftc:RobotCore:8.1.1] AndroidManifest.xml:51:5-53:35
52        android:name="android.permission.WAKE_LOCK"
52-->[org.firstinspires.ftc:RobotCore:8.1.1] AndroidManifest.xml:52:9-52
53        android:required="true" />
53-->[org.firstinspires.ftc:RobotCore:8.1.1] AndroidManifest.xml:53:9-32
54    <uses-permission android:name="android.permission.CAMERA" />
54-->[org.firstinspires.ftc:RobotCore:8.1.1] AndroidManifest.xml:54:5-65
54-->[org.firstinspires.ftc:RobotCore:8.1.1] AndroidManifest.xml:54:22-62
55    <uses-permission
55-->[org.firstinspires.ftc:RobotCore:8.1.1] AndroidManifest.xml:55:5-57:35
56        android:name="android.permission.ACCESS_COARSE_LOCATION"
56-->[org.firstinspires.ftc:RobotCore:8.1.1] AndroidManifest.xml:56:9-65
57        android:required="true" />
57-->[org.firstinspires.ftc:RobotCore:8.1.1] AndroidManifest.xml:57:9-32
58    <uses-permission
58-->[org.firstinspires.ftc:RobotCore:8.1.1] AndroidManifest.xml:58:5-60:35
59        android:name="android.permission.ACCESS_FINE_LOCATION"
59-->[org.firstinspires.ftc:RobotCore:8.1.1] AndroidManifest.xml:59:9-63
60        android:required="true" />
60-->[org.firstinspires.ftc:RobotCore:8.1.1] AndroidManifest.xml:60:9-32
61    <uses-permission
61-->[org.firstinspires.ftc:RobotCore:8.1.1] AndroidManifest.xml:61:5-63:35
62        android:name="android.permission.READ_PHONE_STATE"
62-->[org.firstinspires.ftc:RobotCore:8.1.1] AndroidManifest.xml:62:9-59
63        android:required="true" />
63-->[org.firstinspires.ftc:RobotCore:8.1.1] AndroidManifest.xml:63:9-32
64    <uses-permission
64-->[org.firstinspires.ftc:RobotCore:8.1.1] AndroidManifest.xml:66:5-68:35
65        android:name="com.revrobotics.permission.UPDATE_CONTROL_HUB"
65-->[org.firstinspires.ftc:RobotCore:8.1.1] AndroidManifest.xml:67:9-69
66        android:required="true" />
66-->[org.firstinspires.ftc:RobotCore:8.1.1] AndroidManifest.xml:68:9-32
67
68    <uses-feature android:name="android.hardware.usb.accessory" />
68-->[org.firstinspires.ftc:RobotCore:8.1.1] AndroidManifest.xml:70:5-67
68-->[org.firstinspires.ftc:RobotCore:8.1.1] AndroidManifest.xml:70:19-64
69    <uses-feature android:glEsVersion="0x00020000" />
69-->[org.firstinspires.ftc:RobotCore:8.1.1] AndroidManifest.xml:71:5-54
69-->[org.firstinspires.ftc:RobotCore:8.1.1] AndroidManifest.xml:71:19-51
70    <!--
71        NOTE: Any application that requests the CAMERA permission but does not
72        declare any camera features with the <uses-feature> element will be
73        assumed to use all camera features (auto-focus and flash). Thus, the
74        application will not be compatible with devices that do not support
75        all camera features. We use <uses-feature> to declare only the
76        camera features that our application does need. For instance, if you
77        request the CAMERA permission, but you do not need auto-focus or
78        flash, then declare only the android.hardware.camera feature. The
79        other camera features that you do not request will no longer be
80        assumed as required.
81    -->
82    <uses-feature android:name="android.hardware.camera" />
82-->[org.firstinspires.ftc:RobotCore:8.1.1] AndroidManifest.xml:85:5-60
82-->[org.firstinspires.ftc:RobotCore:8.1.1] AndroidManifest.xml:85:19-57
83    <uses-feature
83-->[com.journeyapps:zxing-android-embedded:4.3.0] AndroidManifest.xml:28:5-30:36
84        android:name="android.hardware.camera.front"
84-->[com.journeyapps:zxing-android-embedded:4.3.0] AndroidManifest.xml:29:9-53
85        android:required="false" /> <!-- TODO replace above two with next line after Android 4.2 -->
85-->[com.journeyapps:zxing-android-embedded:4.3.0] AndroidManifest.xml:30:9-33
86    <!-- <uses-feature android:name="android.hardware.camera.any"/> -->
87    <uses-feature
87-->[com.journeyapps:zxing-android-embedded:4.3.0] AndroidManifest.xml:33:5-35:36
88        android:name="android.hardware.camera.autofocus"
88-->[com.journeyapps:zxing-android-embedded:4.3.0] AndroidManifest.xml:34:9-57
89        android:required="false" />
89-->[com.journeyapps:zxing-android-embedded:4.3.0] AndroidManifest.xml:35:9-33
90    <uses-feature
90-->[com.journeyapps:zxing-android-embedded:4.3.0] AndroidManifest.xml:36:5-38:36
91        android:name="android.hardware.camera.flash"
91-->[com.journeyapps:zxing-android-embedded:4.3.0] AndroidManifest.xml:37:9-53
92        android:required="false" />
92-->[com.journeyapps:zxing-android-embedded:4.3.0] AndroidManifest.xml:38:9-33
93    <uses-feature
93-->[com.journeyapps:zxing-android-embedded:4.3.0] AndroidManifest.xml:39:5-41:36
94        android:name="android.hardware.screen.landscape"
94-->[com.journeyapps:zxing-android-embedded:4.3.0] AndroidManifest.xml:40:9-57
95        android:required="false" />
95-->[com.journeyapps:zxing-android-embedded:4.3.0] AndroidManifest.xml:41:9-33
96    <uses-feature
96-->[com.journeyapps:zxing-android-embedded:4.3.0] AndroidManifest.xml:42:5-44:36
97        android:name="android.hardware.wifi"
97-->[com.journeyapps:zxing-android-embedded:4.3.0] AndroidManifest.xml:43:9-45
98        android:required="false" />
98-->[com.journeyapps:zxing-android-embedded:4.3.0] AndroidManifest.xml:44:9-33
99
100    <application
100-->src/main/AndroidManifest.xml:10:5-19
101        android:name="org.firstinspires.ftc.robotcore.internal.system.RobotApplication"
101-->[org.firstinspires.ftc:RobotCore:8.1.1] AndroidManifest.xml:87:18-97
102        android:allowBackup="true"
102-->[:FtcRobotController] AndroidManifest.xml:13:9-35
103        android:appComponentFactory="androidx.core.app.CoreComponentFactory"
103-->[androidx.core:core:1.3.0] AndroidManifest.xml:24:18-86
104        android:debuggable="true"
105        android:extractNativeLibs="false"
106        android:icon="@drawable/ic_launcher"
106-->[:FtcRobotController] AndroidManifest.xml:14:9-45
107        android:label="@string/app_name"
107-->[:FtcRobotController] AndroidManifest.xml:15:9-41
108        android:largeHeap="true"
108-->[:FtcRobotController] AndroidManifest.xml:16:9-33
109        android:testOnly="true"
110        android:theme="@style/AppThemeRedRC"
110-->[:FtcRobotController] AndroidManifest.xml:17:9-45
111        android:usesCleartextTraffic="true" > <!-- Indicates to the ControlHubUpdater what the latest version of the Control Hub is that this app supports -->
111-->[:FtcRobotController] AndroidManifest.xml:18:9-44
112        <meta-data
112-->[:FtcRobotController] AndroidManifest.xml:21:9-23:33
113            android:name="org.firstinspires.latestSupportedControlHubVersion"
113-->[:FtcRobotController] AndroidManifest.xml:22:13-78
114            android:value="1" /> <!-- The main robot controller activity -->
114-->[:FtcRobotController] AndroidManifest.xml:23:13-30
115        <activity
115-->[:FtcRobotController] AndroidManifest.xml:26:9-37:20
116            android:name="org.firstinspires.ftc.robotcontroller.internal.PermissionValidatorWrapper"
116-->[:FtcRobotController] AndroidManifest.xml:27:13-101
117            android:configChanges="orientation|screenSize"
117-->[:FtcRobotController] AndroidManifest.xml:28:13-59
118            android:label="@string/app_name"
118-->[:FtcRobotController] AndroidManifest.xml:29:13-45
119            android:launchMode="singleTask"
119-->[:FtcRobotController] AndroidManifest.xml:30:13-44
120            android:screenOrientation="fullUser" >
120-->[:FtcRobotController] AndroidManifest.xml:31:13-49
121            <intent-filter>
121-->[:FtcRobotController] AndroidManifest.xml:32:13-36:29
122                <category android:name="android.intent.category.LAUNCHER" />
122-->[:FtcRobotController] AndroidManifest.xml:33:17-77
122-->[:FtcRobotController] AndroidManifest.xml:33:27-74
123
124                <action android:name="android.intent.action.MAIN" />
124-->[:FtcRobotController] AndroidManifest.xml:35:17-69
124-->[:FtcRobotController] AndroidManifest.xml:35:25-66
125            </intent-filter>
126        </activity>
127        <activity
127-->[:FtcRobotController] AndroidManifest.xml:38:9-56:20
128            android:name="org.firstinspires.ftc.robotcontroller.internal.FtcRobotControllerActivity"
128-->[:FtcRobotController] AndroidManifest.xml:39:13-101
129            android:configChanges="orientation|screenSize"
129-->[:FtcRobotController] AndroidManifest.xml:40:13-59
130            android:label="@string/app_name"
130-->[:FtcRobotController] AndroidManifest.xml:41:13-45
131            android:launchMode="singleTask"
131-->[:FtcRobotController] AndroidManifest.xml:42:13-44
132            android:screenOrientation="fullUser" >
132-->[:FtcRobotController] AndroidManifest.xml:43:13-49
133            <intent-filter>
133-->[:FtcRobotController] AndroidManifest.xml:44:13-46:29
134                <action android:name="android.hardware.usb.action.USB_DEVICE_ATTACHED" />
134-->[:FtcRobotController] AndroidManifest.xml:45:17-90
134-->[:FtcRobotController] AndroidManifest.xml:45:25-87
135            </intent-filter>
136
137            <meta-data
137-->[:FtcRobotController] AndroidManifest.xml:48:13-50:57
138                android:name="android.hardware.usb.action.USB_DEVICE_ATTACHED"
138-->[:FtcRobotController] AndroidManifest.xml:49:17-79
139                android:resource="@xml/device_filter" />
139-->[:FtcRobotController] AndroidManifest.xml:50:17-54
140
141            <!-- org.firstinspires.main.entry indicates that this app is compatible with the Dragonboard Control Hub -->
142            <meta-data
142-->[:FtcRobotController] AndroidManifest.xml:53:13-55:40
143                android:name="org.firstinspires.main.entry"
143-->[:FtcRobotController] AndroidManifest.xml:54:17-60
144                android:value="true" />
144-->[:FtcRobotController] AndroidManifest.xml:55:17-37
145        </activity> <!-- The robot controller service in which most of the robot functionality is managed -->
146        <service
146-->[:FtcRobotController] AndroidManifest.xml:59:9-61:38
147            android:name="com.qualcomm.ftccommon.FtcRobotControllerService"
147-->[:FtcRobotController] AndroidManifest.xml:60:13-76
148            android:enabled="true" /> <!-- Assistant that autostarts the robot controller on android boot (if it's supposed to) -->
148-->[:FtcRobotController] AndroidManifest.xml:61:13-35
149        <receiver
149-->[:FtcRobotController] AndroidManifest.xml:64:9-75:20
150            android:name="org.firstinspires.ftc.ftccommon.internal.RunOnBoot"
150-->[:FtcRobotController] AndroidManifest.xml:65:13-78
151            android:enabled="true"
151-->[:FtcRobotController] AndroidManifest.xml:66:13-35
152            android:exported="true"
152-->[:FtcRobotController] AndroidManifest.xml:67:13-36
153            android:permission="android.permission.RECEIVE_BOOT_COMPLETED" >
153-->[:FtcRobotController] AndroidManifest.xml:68:13-75
154            <intent-filter>
154-->[:FtcRobotController] AndroidManifest.xml:69:13-74:29
155                <category android:name="android.intent.category.DEFAULT" />
155-->[:FtcRobotController] AndroidManifest.xml:70:17-76
155-->[:FtcRobotController] AndroidManifest.xml:70:27-73
156
157                <action android:name="android.intent.action.BOOT_COMPLETED" />
157-->[:FtcRobotController] AndroidManifest.xml:72:17-79
157-->[:FtcRobotController] AndroidManifest.xml:72:25-76
158                <action android:name="android.intent.action.QUICKBOOT_POWERON" />
158-->[:FtcRobotController] AndroidManifest.xml:73:17-82
158-->[:FtcRobotController] AndroidManifest.xml:73:25-79
159            </intent-filter>
160        </receiver>
161
162        <activity
162-->[org.firstinspires.ftc:Blocks:8.1.1] AndroidManifest.xml:19:9-23:20
163            android:name="org.firstinspires.ftc.ftccommon.internal.ProgramAndManageActivity"
163-->[org.firstinspires.ftc:Blocks:8.1.1] AndroidManifest.xml:20:13-93
164            android:configChanges="orientation|screenSize"
164-->[org.firstinspires.ftc:Blocks:8.1.1] AndroidManifest.xml:21:13-59
165            android:label="@string/program_and_manage_activity" >
165-->[org.firstinspires.ftc:Blocks:8.1.1] AndroidManifest.xml:22:13-64
166        </activity>
167        <activity
167-->[org.firstinspires.ftc:FtcCommon:8.1.1] AndroidManifest.xml:26:9-30:47
168            android:name="com.qualcomm.ftccommon.StackTraceActivity"
168-->[org.firstinspires.ftc:FtcCommon:8.1.1] AndroidManifest.xml:27:13-69
169            android:configChanges="orientation|screenSize"
169-->[org.firstinspires.ftc:FtcCommon:8.1.1] AndroidManifest.xml:28:13-59
170            android:exported="true"
170-->[org.firstinspires.ftc:FtcCommon:8.1.1] AndroidManifest.xml:29:13-36
171            android:launchMode="singleTask" />
171-->[org.firstinspires.ftc:FtcCommon:8.1.1] AndroidManifest.xml:30:13-44
172        <activity
172-->[org.firstinspires.ftc:FtcCommon:8.1.1] AndroidManifest.xml:31:9-35:20
173            android:name="com.qualcomm.ftccommon.FtcRobotControllerSettingsActivity"
173-->[org.firstinspires.ftc:FtcCommon:8.1.1] AndroidManifest.xml:32:13-85
174            android:exported="true"
174-->[org.firstinspires.ftc:FtcCommon:8.1.1] AndroidManifest.xml:33:13-36
175            android:label="@string/settings_activity" >
175-->[org.firstinspires.ftc:FtcCommon:8.1.1] AndroidManifest.xml:34:13-54
176        </activity>
177        <activity
177-->[org.firstinspires.ftc:FtcCommon:8.1.1] AndroidManifest.xml:36:9-41:20
178            android:name="com.qualcomm.ftccommon.configuration.FtcLoadFileActivity"
178-->[org.firstinspires.ftc:FtcCommon:8.1.1] AndroidManifest.xml:37:13-84
179            android:configChanges="orientation|screenSize"
179-->[org.firstinspires.ftc:FtcCommon:8.1.1] AndroidManifest.xml:38:13-59
180            android:exported="true"
180-->[org.firstinspires.ftc:FtcCommon:8.1.1] AndroidManifest.xml:39:13-36
181            android:label="@string/configure_activity" >
181-->[org.firstinspires.ftc:FtcCommon:8.1.1] AndroidManifest.xml:40:13-55
182        </activity>
183        <activity
183-->[org.firstinspires.ftc:FtcCommon:8.1.1] AndroidManifest.xml:42:9-47:20
184            android:name="com.qualcomm.ftccommon.configuration.ConfigureFromTemplateActivity"
184-->[org.firstinspires.ftc:FtcCommon:8.1.1] AndroidManifest.xml:43:13-94
185            android:configChanges="orientation|screenSize"
185-->[org.firstinspires.ftc:FtcCommon:8.1.1] AndroidManifest.xml:44:13-59
186            android:exported="true"
186-->[org.firstinspires.ftc:FtcCommon:8.1.1] AndroidManifest.xml:45:13-36
187            android:label="@string/title_activity_configfromtemplate" >
187-->[org.firstinspires.ftc:FtcCommon:8.1.1] AndroidManifest.xml:46:13-70
188        </activity>
189        <activity
189-->[org.firstinspires.ftc:FtcCommon:8.1.1] AndroidManifest.xml:48:9-53:20
190            android:name="com.qualcomm.ftccommon.ViewLogsActivity"
190-->[org.firstinspires.ftc:FtcCommon:8.1.1] AndroidManifest.xml:49:13-67
191            android:configChanges="orientation|screenSize"
191-->[org.firstinspires.ftc:FtcCommon:8.1.1] AndroidManifest.xml:50:13-59
192            android:exported="true"
192-->[org.firstinspires.ftc:FtcCommon:8.1.1] AndroidManifest.xml:51:13-36
193            android:label="@string/view_logs_activity" >
193-->[org.firstinspires.ftc:FtcCommon:8.1.1] AndroidManifest.xml:52:13-55
194        </activity>
195        <activity
195-->[org.firstinspires.ftc:FtcCommon:8.1.1] AndroidManifest.xml:54:9-58:20
196            android:name="com.qualcomm.ftccommon.configuration.FtcConfigurationActivity"
196-->[org.firstinspires.ftc:FtcCommon:8.1.1] AndroidManifest.xml:55:13-89
197            android:configChanges="orientation|screenSize"
197-->[org.firstinspires.ftc:FtcCommon:8.1.1] AndroidManifest.xml:56:13-59
198            android:label="@string/app_name" >
198-->[org.firstinspires.ftc:FtcCommon:8.1.1] AndroidManifest.xml:57:13-45
199        </activity>
200        <activity
200-->[org.firstinspires.ftc:FtcCommon:8.1.1] AndroidManifest.xml:59:9-63:20
201            android:name="com.qualcomm.ftccommon.configuration.FtcNewFileActivity"
201-->[org.firstinspires.ftc:FtcCommon:8.1.1] AndroidManifest.xml:60:13-83
202            android:configChanges="orientation|screenSize"
202-->[org.firstinspires.ftc:FtcCommon:8.1.1] AndroidManifest.xml:61:13-59
203            android:label="@string/app_name" >
203-->[org.firstinspires.ftc:FtcCommon:8.1.1] AndroidManifest.xml:62:13-45
204        </activity>
205        <activity
205-->[org.firstinspires.ftc:FtcCommon:8.1.1] AndroidManifest.xml:64:9-68:20
206            android:name="com.qualcomm.ftccommon.FtcAdvancedRCSettingsActivity"
206-->[org.firstinspires.ftc:FtcCommon:8.1.1] AndroidManifest.xml:65:13-80
207            android:exported="true"
207-->[org.firstinspires.ftc:FtcCommon:8.1.1] AndroidManifest.xml:66:13-36
208            android:label="@string/titleAdvancedRCSettings" >
208-->[org.firstinspires.ftc:FtcCommon:8.1.1] AndroidManifest.xml:67:13-60
209        </activity>
210        <activity
210-->[org.firstinspires.ftc:FtcCommon:8.1.1] AndroidManifest.xml:69:9-72:20
211            android:name="com.qualcomm.ftccommon.FtcLynxFirmwareUpdateActivity"
211-->[org.firstinspires.ftc:FtcCommon:8.1.1] AndroidManifest.xml:70:13-80
212            android:exported="true" >
212-->[org.firstinspires.ftc:FtcCommon:8.1.1] AndroidManifest.xml:71:13-36
213        </activity>
214        <activity
214-->[org.firstinspires.ftc:FtcCommon:8.1.1] AndroidManifest.xml:73:9-76:20
215            android:name="com.qualcomm.ftccommon.FtcLynxModuleAddressUpdateActivity"
215-->[org.firstinspires.ftc:FtcCommon:8.1.1] AndroidManifest.xml:74:13-85
216            android:exported="true" >
216-->[org.firstinspires.ftc:FtcCommon:8.1.1] AndroidManifest.xml:75:13-36
217        </activity>
218        <activity
218-->[org.firstinspires.ftc:FtcCommon:8.1.1] AndroidManifest.xml:77:9-81:20
219            android:name="com.qualcomm.ftccommon.FtcWifiDirectChannelSelectorActivity"
219-->[org.firstinspires.ftc:FtcCommon:8.1.1] AndroidManifest.xml:78:13-87
220            android:exported="true"
220-->[org.firstinspires.ftc:FtcCommon:8.1.1] AndroidManifest.xml:79:13-36
221            android:label="@string/title_activity_wifi_channel_selector" >
221-->[org.firstinspires.ftc:FtcCommon:8.1.1] AndroidManifest.xml:80:13-73
222        </activity>
223        <activity
223-->[org.firstinspires.ftc:FtcCommon:8.1.1] AndroidManifest.xml:82:9-86:20
224            android:name="com.qualcomm.ftccommon.FtcWifiDirectRememberedGroupsActivity"
224-->[org.firstinspires.ftc:FtcCommon:8.1.1] AndroidManifest.xml:83:13-88
225            android:exported="true"
225-->[org.firstinspires.ftc:FtcCommon:8.1.1] AndroidManifest.xml:84:13-36
226            android:label="@string/title_activity_wifi_remembered_groups_editor" >
226-->[org.firstinspires.ftc:FtcCommon:8.1.1] AndroidManifest.xml:85:13-81
227        </activity>
228        <activity
228-->[org.firstinspires.ftc:FtcCommon:8.1.1] AndroidManifest.xml:87:9-90:20
229            android:name="com.qualcomm.ftccommon.AboutActivity"
229-->[org.firstinspires.ftc:FtcCommon:8.1.1] AndroidManifest.xml:88:13-64
230            android:label="@string/about_activity" >
230-->[org.firstinspires.ftc:FtcCommon:8.1.1] AndroidManifest.xml:89:13-51
231        </activity>
232        <activity
232-->[org.firstinspires.ftc:FtcCommon:8.1.1] AndroidManifest.xml:91:9-94:20
233            android:name="com.qualcomm.ftccommon.FtcAboutActivity"
233-->[org.firstinspires.ftc:FtcCommon:8.1.1] AndroidManifest.xml:92:13-67
234            android:label="@string/ftc_about_activity" >
234-->[org.firstinspires.ftc:FtcCommon:8.1.1] AndroidManifest.xml:93:13-55
235        </activity>
236        <activity
236-->[org.firstinspires.ftc:FtcCommon:8.1.1] AndroidManifest.xml:95:9-100:20
237            android:name="com.qualcomm.ftccommon.configuration.EditSwapUsbDevices"
237-->[org.firstinspires.ftc:FtcCommon:8.1.1] AndroidManifest.xml:96:13-83
238            android:configChanges="orientation|screenSize"
238-->[org.firstinspires.ftc:FtcCommon:8.1.1] AndroidManifest.xml:97:13-59
239            android:label="@string/edit_swap_devices_activity"
239-->[org.firstinspires.ftc:FtcCommon:8.1.1] AndroidManifest.xml:98:13-63
240            android:windowSoftInputMode="stateHidden" >
240-->[org.firstinspires.ftc:FtcCommon:8.1.1] AndroidManifest.xml:99:13-54
241        </activity>
242        <activity
242-->[org.firstinspires.ftc:FtcCommon:8.1.1] AndroidManifest.xml:101:9-106:20
243            android:name="com.qualcomm.ftccommon.configuration.EditMotorListActivity"
243-->[org.firstinspires.ftc:FtcCommon:8.1.1] AndroidManifest.xml:102:13-86
244            android:configChanges="orientation|screenSize"
244-->[org.firstinspires.ftc:FtcCommon:8.1.1] AndroidManifest.xml:103:13-59
245            android:label="@string/edit_motor_controller_activity"
245-->[org.firstinspires.ftc:FtcCommon:8.1.1] AndroidManifest.xml:104:13-67
246            android:windowSoftInputMode="stateHidden" >
246-->[org.firstinspires.ftc:FtcCommon:8.1.1] AndroidManifest.xml:105:13-54
247        </activity>
248        <activity
248-->[org.firstinspires.ftc:FtcCommon:8.1.1] AndroidManifest.xml:107:9-112:20
249            android:name="com.qualcomm.ftccommon.configuration.EditServoListActivity"
249-->[org.firstinspires.ftc:FtcCommon:8.1.1] AndroidManifest.xml:108:13-86
250            android:configChanges="orientation|screenSize"
250-->[org.firstinspires.ftc:FtcCommon:8.1.1] AndroidManifest.xml:109:13-59
251            android:label="@string/edit_servo_controller_activity"
251-->[org.firstinspires.ftc:FtcCommon:8.1.1] AndroidManifest.xml:110:13-67
252            android:windowSoftInputMode="stateHidden|adjustResize" >
252-->[org.firstinspires.ftc:FtcCommon:8.1.1] AndroidManifest.xml:111:13-67
253        </activity>
254        <activity
254-->[org.firstinspires.ftc:FtcCommon:8.1.1] AndroidManifest.xml:113:9-118:20
255            android:name="com.qualcomm.ftccommon.configuration.EditLynxModuleActivity"
255-->[org.firstinspires.ftc:FtcCommon:8.1.1] AndroidManifest.xml:114:13-87
256            android:configChanges="orientation|screenSize"
256-->[org.firstinspires.ftc:FtcCommon:8.1.1] AndroidManifest.xml:115:13-59
257            android:label="@string/edit_lynx_module_controller_activity"
257-->[org.firstinspires.ftc:FtcCommon:8.1.1] AndroidManifest.xml:116:13-73
258            android:windowSoftInputMode="stateHidden|adjustResize" >
258-->[org.firstinspires.ftc:FtcCommon:8.1.1] AndroidManifest.xml:117:13-67
259        </activity>
260        <activity
260-->[org.firstinspires.ftc:FtcCommon:8.1.1] AndroidManifest.xml:119:9-124:20
261            android:name="com.qualcomm.ftccommon.configuration.EditLynxUsbDeviceActivity"
261-->[org.firstinspires.ftc:FtcCommon:8.1.1] AndroidManifest.xml:120:13-90
262            android:configChanges="orientation|screenSize"
262-->[org.firstinspires.ftc:FtcCommon:8.1.1] AndroidManifest.xml:121:13-59
263            android:label="@string/edit_lynx_usb_device_activity"
263-->[org.firstinspires.ftc:FtcCommon:8.1.1] AndroidManifest.xml:122:13-66
264            android:windowSoftInputMode="stateHidden|adjustResize" >
264-->[org.firstinspires.ftc:FtcCommon:8.1.1] AndroidManifest.xml:123:13-67
265        </activity>
266        <activity
266-->[org.firstinspires.ftc:FtcCommon:8.1.1] AndroidManifest.xml:125:9-130:20
267            android:name="com.qualcomm.ftccommon.configuration.EditWebcamActivity"
267-->[org.firstinspires.ftc:FtcCommon:8.1.1] AndroidManifest.xml:126:13-83
268            android:configChanges="orientation|screenSize"
268-->[org.firstinspires.ftc:FtcCommon:8.1.1] AndroidManifest.xml:127:13-59
269            android:label="@string/edit_webcam_activity"
269-->[org.firstinspires.ftc:FtcCommon:8.1.1] AndroidManifest.xml:128:13-57
270            android:windowSoftInputMode="stateHidden|adjustResize" >
270-->[org.firstinspires.ftc:FtcCommon:8.1.1] AndroidManifest.xml:129:13-67
271        </activity>
272        <activity
272-->[org.firstinspires.ftc:FtcCommon:8.1.1] AndroidManifest.xml:131:9-136:20
273            android:name="com.qualcomm.ftccommon.configuration.EditPWMDevicesActivity"
273-->[org.firstinspires.ftc:FtcCommon:8.1.1] AndroidManifest.xml:132:13-87
274            android:configChanges="orientation|screenSize"
274-->[org.firstinspires.ftc:FtcCommon:8.1.1] AndroidManifest.xml:133:13-59
275            android:label="@string/edit_pwm_devices_activity"
275-->[org.firstinspires.ftc:FtcCommon:8.1.1] AndroidManifest.xml:134:13-62
276            android:windowSoftInputMode="stateHidden|adjustResize" >
276-->[org.firstinspires.ftc:FtcCommon:8.1.1] AndroidManifest.xml:135:13-67
277        </activity>
278        <activity
278-->[org.firstinspires.ftc:FtcCommon:8.1.1] AndroidManifest.xml:137:9-142:20
279            android:name="com.qualcomm.ftccommon.configuration.EditAnalogInputDevicesActivity"
279-->[org.firstinspires.ftc:FtcCommon:8.1.1] AndroidManifest.xml:138:13-95
280            android:configChanges="orientation|screenSize"
280-->[org.firstinspires.ftc:FtcCommon:8.1.1] AndroidManifest.xml:139:13-59
281            android:label="@string/edit_analog_input_devices_activity"
281-->[org.firstinspires.ftc:FtcCommon:8.1.1] AndroidManifest.xml:140:13-71
282            android:windowSoftInputMode="stateHidden|adjustResize" >
282-->[org.firstinspires.ftc:FtcCommon:8.1.1] AndroidManifest.xml:141:13-67
283        </activity>
284        <activity
284-->[org.firstinspires.ftc:FtcCommon:8.1.1] AndroidManifest.xml:143:9-148:20